# JRE version: OpenJDK Runtime Environment (15.0+36) (build 15+36-1562)
# Java VM: OpenJDK 64-Bit Server VM (15+36-1562, mixed mode, tiered, compressed oops, g1 gc, windows-amd64)
GC Precious Log:
 CPUs: 4 total, 4 available
 Memory: 8132M
 Large Page Support: Disabled
 NUMA Support: Disabled
 Compressed Oops: Enabled (32-bit)
 Heap Region Size: 1M
 Heap Min Capacity: 8M
 Heap Initial Capacity: 128M
 Heap Max Capacity: 2034M
 Pre-touch: Disabled
 Parallel Workers: 4
 Concurrent Workers: 1
 Concurrent Refinement Workers: 4
 Periodic GC: Disabled
Heap:
 garbage-first heap   total 59392K, used 11035K [0x0000000080e00000, 0x0000000100000000)
  region size 1024K, 3 young (3072K), 3 survivors (3072K)
 Metaspace       used 28464K, capacity 28909K, committed 29056K, reserved 1075200K
  class space    used 3200K, capacity 3338K, committed 3456K, reserved 1048576K
GC Heap History (17 events):
Event: 0.565 GC heap before
{Heap before GC invocations=0 (full 0):
 garbage-first heap   total 131072K, used 13312K [0x0000000080e00000, 0x0000000100000000)
  region size 1024K, 13 young (13312K), 0 survivors (0K)
 Metaspace       used 12200K, capacity 12340K, committed 12544K, reserved 1060864K
  class space    used 1188K, capacity 1235K, committed 1280K, reserved 1048576K
}
Event: 0.569 GC heap after
{Heap after GC invocations=1 (full 0):
 garbage-first heap   total 131072K, used 5881K [0x0000000080e00000, 0x0000000100000000)
  region size 1024K, 2 young (2048K), 2 survivors (2048K)
 Metaspace       used 12200K, capacity 12340K, committed 12544K, reserved 1060864K
  class space    used 1188K, capacity 1235K, committed 1280K, reserved 1048576K
}
Event: 0.720 GC heap before
{Heap before GC invocations=1 (full 0):
 garbage-first heap   total 131072K, used 15097K [0x0000000080e00000, 0x0000000100000000)
  region size 1024K, 11 young (11264K), 2 survivors (2048K)
 Metaspace       used 14892K, capacity 15086K, committed 15360K, reserved 1062912K
  class space    used 1457K, capacity 1508K, committed 1536K, reserved 1048576K
}
Event: 0.723 GC heap after
{Heap after GC invocations=2 (full 0):
 garbage-first heap   total 131072K, used 6717K [0x0000000080e00000, 0x0000000100000000)
  region size 1024K, 1 young (1024K), 1 survivors (1024K)
 Metaspace       used 14892K, capacity 15086K, committed 15360K, reserved 1062912K
  class space    used 1457K, capacity 1508K, committed 1536K, reserved 1048576K
}
Event: 0.956 GC heap before
{Heap before GC invocations=2 (full 0):
 garbage-first heap   total 131072K, used 31293K [0x0000000080e00000, 0x0000000100000000)
  region size 1024K, 26 young (26624K), 1 survivors (1024K)
 Metaspace       used 18705K, capacity 18943K, committed 19200K, reserved 1067008K
  class space    used 1909K, capacity 1981K, committed 2048K, reserved 1048576K
}
Event: 0.960 GC heap after
{Heap after GC invocations=3 (full 0):
 garbage-first heap   total 131072K, used 8046K [0x0000000080e00000, 0x0000000100000000)
  region size 1024K, 2 young (2048K), 2 survivors (2048K)
 Metaspace       used 18705K, capacity 18943K, committed 19200K, reserved 1067008K
  class space    used 1909K, capacity 1981K, committed 2048K, reserved 1048576K
}
Event: 1.052 GC heap before
{Heap before GC invocations=3 (full 0):
 garbage-first heap   total 131072K, used 27502K [0x0000000080e00000, 0x0000000100000000)
  region size 1024K, 23 young (23552K), 2 survivors (2048K)
 Metaspace       used 20944K, capacity 21170K, committed 21248K, reserved 1069056K
  class space    used 2179K, capacity 2258K, committed 2304K, reserved 1048576K
}
Event: 1.054 GC heap after
{Heap after GC invocations=4 (full 0):
 garbage-first heap   total 131072K, used 8532K [0x0000000080e00000, 0x0000000100000000)
  region size 1024K, 3 young (3072K), 3 survivors (3072K)
 Metaspace       used 20944K, capacity 21170K, committed 21248K, reserved 1069056K
  class space    used 2179K, capacity 2258K, committed 2304K, reserved 1048576K
}
Event: 1.162 GC heap before
{Heap before GC invocations=5 (full 0):
 garbage-first heap   total 37888K, used 36180K [0x0000000080e00000, 0x0000000100000000)
  region size 1024K, 31 young (31744K), 3 survivors (3072K)
 Metaspace       used 23437K, capacity 23771K, committed 23936K, reserved 1071104K
  class space    used 2511K, capacity 2613K, committed 2688K, reserved 1048576K
}
Event: 1.165 GC heap after
{Heap after GC invocations=6 (full 0):
 garbage-first heap   total 49152K, used 9126K [0x0000000080e00000, 0x0000000100000000)
  region size 1024K, 3 young (3072K), 3 survivors (3072K)
 Metaspace       used 23437K, capacity 23771K, committed 23936K, reserved 1071104K
  class space    used 2511K, capacity 2613K, committed 2688K, reserved 1048576K
}
Event: 1.299 GC heap before
{Heap before GC invocations=6 (full 0):
 garbage-first heap   total 49152K, used 33702K [0x0000000080e00000, 0x0000000100000000)
  region size 1024K, 28 young (28672K), 3 survivors (3072K)
 Metaspace       used 25605K, capacity 25912K, committed 25984K, reserved 1073152K
  class space    used 2830K, capacity 2940K, committed 2944K, reserved 1048576K
}
Event: 1.303 GC heap after
{Heap after GC invocations=7 (full 0):
 garbage-first heap   total 49152K, used 9444K [0x0000000080e00000, 0x0000000100000000)
  region size 1024K, 2 young (2048K), 2 survivors (2048K)
 Metaspace       used 25605K, capacity 25912K, committed 25984K, reserved 1073152K
  class space    used 2830K, capacity 2940K, committed 2944K, reserved 1048576K
}
Event: 1.557 GC heap before
{Heap before GC invocations=7 (full 0):
 garbage-first heap   total 49152K, used 35044K [0x0000000080e00000, 0x0000000100000000)
  region size 1024K, 28 young (28672K), 2 survivors (2048K)
 Metaspace       used 27527K, capacity 27864K, committed 28160K, reserved 1075200K
  class space    used 3087K, capacity 3204K, committed 3328K, reserved 1048576K
}
Event: 1.560 GC heap after
{Heap after GC invocations=8 (full 0):
 garbage-first heap   total 49152K, used 10263K [0x0000000080e00000, 0x0000000100000000)
  region size 1024K, 3 young (3072K), 3 survivors (3072K)
 Metaspace       used 27527K, capacity 27864K, committed 28160K, reserved 1075200K
  class space    used 3087K, capacity 3204K, committed 3328K, reserved 1048576K
}
Event: 1.564 GC heap before
{Heap before GC invocations=8 (full 0):
 garbage-first heap   total 49152K, used 34839K [0x0000000080e00000, 0x0000000100000000)
  region size 1024K, 28 young (28672K), 3 survivors (3072K)
 Metaspace       used 27549K, capacity 27864K, committed 28160K, reserved 1075200K
  class space    used 3091K, capacity 3204K, committed 3328K, reserved 1048576K
}
Event: 1.565 GC heap after
{Heap after GC invocations=9 (full 0):
 garbage-first heap   total 49152K, used 10332K [0x0000000080e00000, 0x0000000100000000)
  region size 1024K, 2 young (2048K), 2 survivors (2048K)
 Metaspace       used 27549K, capacity 27864K, committed 28160K, reserved 1075200K
  class space    used 3091K, capacity 3204K, committed 3328K, reserved 1048576K
}
Event: 1.824 GC heap before
{Heap before GC invocations=9 (full 0):
 garbage-first heap   total 49152K, used 35932K [0x0000000080e00000, 0x0000000100000000)
  region size 1024K, 28 young (28672K), 2 survivors (2048K)
 Metaspace       used 28464K, capacity 28909K, committed 29056K, reserved 1075200K
  class space    used 3200K, capacity 3338K, committed 3456K, reserved 1048576K
}

